<?xml version="1.0" encoding="UTF-8"?>
<!-- Generated by org.testng.reporters.JUnitReportReporter -->
<testsuite hostname="DESKTOP-C04E3R3" failures="0" tests="1" name="com.hashmove.testcases.TestCase_001" time="69.258" errors="0" timestamp="2023-03-29T14:53:40 PKT" skipped="0">
  <testcase classname="com.hashmove.testcases.TestCase_001" name="verifyaddnewuser" time="69.258"/>
  <system-out/>
</testsuite> <!-- com.hashmove.testcases.TestCase_001 -->
