<?xml version="1.0" encoding="UTF-8"?>
<!-- Generated by org.testng.reporters.JUnitReportReporter -->
<testsuite hostname="DESKTOP-C04E3R3" failures="0" tests="1" name="com.hashmove.testcases.TC_QA_FCLSpotRateandBooking_002" time="433.568" errors="0" timestamp="2023-04-11T17:29:50 PKT" skipped="0">
  <testcase classname="com.hashmove.testcases.TC_QA_FCLSpotRateandBooking_002" name="verifyfclspotrateandbookingwithoutaddingshipperinfo" time="433.568"/>
  <system-out/>
</testsuite> <!-- com.hashmove.testcases.TC_QA_FCLSpotRateandBooking_002 -->
