<?xml version="1.0" encoding="UTF-8"?>
<!-- Generated by org.testng.reporters.JUnitReportReporter -->
<testsuite hostname="DESKTOP-C04E3R3" failures="0" tests="1" name="com.hashmove.testcases.TestCase_UserCreation_003" time="51.752" errors="0" timestamp="2023-04-28T15:15:28 PKT" skipped="0">
  <testcase classname="com.hashmove.testcases.TestCase_UserCreation_003" name="verifycreateconsigneeadminuser" time="51.752"/>
  <system-out/>
</testsuite> <!-- com.hashmove.testcases.TestCase_UserCreation_003 -->
