<?xml version="1.0" encoding="UTF-8"?>
<!-- Generated by org.testng.reporters.JUnitReportReporter -->
<testsuite hostname="DESKTOP-C04E3R3" failures="0" tests="1" name="com.hashmove.testcases.TC_QA_WarehousingRateandBooking_003" time="213.471" errors="0" timestamp="2023-05-17T11:35:44 PKT" skipped="0">
  <testcase classname="com.hashmove.testcases.TC_QA_WarehousingRateandBooking_003" name="verifywarehouserateandbooking" time="213.471"/>
  <system-out/>
</testsuite> <!-- com.hashmove.testcases.TC_QA_WarehousingRateandBooking_003 -->
