<?xml version="1.0" encoding="UTF-8"?>
<!-- Generated by org.testng.reporters.JUnitReportReporter -->
<testsuite hostname="DESKTOP-C04E3R3" failures="0" tests="1" name="com.hashmove.testcases.TC_QA_WarehousingRateandBooking_001" time="61.408" errors="0" timestamp="2023-04-29T16:50:10 PKT" skipped="0">
  <testcase classname="com.hashmove.testcases.TC_QA_WarehousingRateandBooking_001" name="verifymodifysearchrequest" time="61.408"/>
  <system-out/>
</testsuite> <!-- com.hashmove.testcases.TC_QA_WarehousingRateandBooking_001 -->
