<?xml version="1.0" encoding="UTF-8"?>
<!-- Generated by org.testng.reporters.JUnitReportReporter -->
<testsuite hostname="DESKTOP-C04E3R3" failures="0" tests="1" name="com.hashmove.testcases.TC_QA_ModifySearchRequest_002" time="63.538" errors="0" timestamp="2023-05-05T17:13:04 PKT" skipped="0">
  <testcase classname="com.hashmove.testcases.TC_QA_ModifySearchRequest_002" name="verifymodifysearchrequest" time="63.538"/>
  <system-out/>
</testsuite> <!-- com.hashmove.testcases.TC_QA_ModifySearchRequest_002 -->
