<?xml version="1.0" encoding="UTF-8"?>
<!-- Generated by org.testng.reporters.JUnitReportReporter -->
<testsuite hostname="DESKTOP-C04E3R3" failures="0" tests="1" name="com.hashmove.testcases.TestCase_UserCreation_004" time="74.163" errors="0" timestamp="2023-04-28T15:15:28 PKT" skipped="0">
  <testcase classname="com.hashmove.testcases.TestCase_UserCreation_004" name="verifycreateuser" time="74.163"/>
  <system-out/>
</testsuite> <!-- com.hashmove.testcases.TestCase_UserCreation_004 -->
