<?xml version="1.0" encoding="UTF-8"?>
<!-- Generated by org.testng.reporters.JUnitReportReporter -->
<testsuite hostname="DESKTOP-C04E3R3" failures="0" tests="1" name="com.hashmove.testcases.TC_PREHUB_FCLSpotRateandBooking_001" time="369.346" errors="0" timestamp="2023-04-07T10:47:27 PKT" skipped="0">
  <testcase classname="com.hashmove.testcases.TC_PREHUB_FCLSpotRateandBooking_001" name="verifyfclspotrateandbookingwithoutaddingshipperinfo" time="369.346"/>
  <system-out/>
</testsuite> <!-- com.hashmove.testcases.TC_PREHUB_FCLSpotRateandBooking_001 -->
