<?xml version="1.0" encoding="UTF-8"?>
<!-- Generated by org.testng.reporters.JUnitReportReporter -->
<testsuite hostname="DESKTOP-C04E3R3" failures="0" tests="1" name="com.hashmove.testcases.TC_QA_FCLSpotRateandBooking_001" time="378.092" errors="0" timestamp="2023-05-10T18:21:08 PKT" skipped="0">
  <testcase classname="com.hashmove.testcases.TC_QA_FCLSpotRateandBooking_001" name="verifyfclspotrateandbookingwithoutaddingshipperinfo" time="378.092"/>
  <system-out/>
</testsuite> <!-- com.hashmove.testcases.TC_QA_FCLSpotRateandBooking_001 -->
